<?xml version="1.0" encoding="UTF-8"?>
<!-- Generated by org.testng.reporters.JUnitReportReporter -->
<testsuite hostname="agustin-Lenovo-ideapad-FLEX-5-1570" failures="0" tests="1" name="testEvelia.TestEvelia" time="14.303" errors="0" timestamp="2022-04-19T14:31:20 ART" skipped="0">
  <testcase classname="testEvelia.TestEvelia" name="rendirExamen" time="14.303"/>
  <system-out/>
</testsuite> <!-- testEvelia.TestEvelia -->
