<?xml version="1.0" encoding="UTF-8"?>
<!-- Generated by org.testng.reporters.JUnitReportReporter -->
<testsuite hostname="agustin-Lenovo-ideapad-FLEX-5-1570" failures="0" tests="1" name="testEvelia.TestEvelia" time="21.910" errors="0" timestamp="2022-04-21T08:50:13 ART" skipped="0">
  <testcase classname="testEvelia.TestEvelia" name="rendirExamen" time="21.910"/>
  <system-out/>
</testsuite> <!-- testEvelia.TestEvelia -->
