<?xml version="1.0" encoding="UTF-8"?>
<!-- Generated by org.testng.reporters.JUnitReportReporter -->
<testsuite hostname="LucianoPC" failures="0" tests="1" name="testEvelia.TestEvelia" time="8.712" errors="0" timestamp="2021-10-20T07:13:02 ART" skipped="0">
  <testcase classname="testEvelia.TestEvelia" name="iniciarSesionAlumno" time="8.712"/>
  <system-out/>
</testsuite> <!-- testEvelia.TestEvelia -->
