<?xml version="1.0" encoding="UTF-8"?>
<!-- Generated by org.testng.reporters.JUnitReportReporter -->
<testsuite hostname="agustin-Lenovo-ideapad-FLEX-5-1570" failures="0" tests="1" name="testSuite.TestSuite" time="62.157" errors="0" timestamp="2022-11-02T07:31:13 ART" skipped="0">
  <testcase classname="testSuite.TestSuite" name="test" time="62.157"/>
  <system-out/>
</testsuite> <!-- testSuite.TestSuite -->
