<?xml version="1.0" encoding="UTF-8"?>
<!-- Generated by org.testng.reporters.JUnitReportReporter -->
<testsuite hostname="LucianoPC" failures="0" tests="1" name="testEvelia.TestEvelia" time="22.077" errors="0" timestamp="2021-10-20T09:40:32 ART" skipped="0">
  <testcase classname="testEvelia.TestEvelia" name="entrarAulaTestIRCDocente" time="22.077"/>
  <system-out/>
</testsuite> <!-- testEvelia.TestEvelia -->
